[    0.000000] Linux version 4.15.0-140-generic (buildd@lgw01-amd64-054) (gcc version 7.5.0 (Ubuntu 7.5.0-3ubuntu1~18.04)) #144-Ubuntu SMP Fri Mar 19 14:12:35 UTC 2021 (Ubuntu 4.15.0-140.144-generic 4.15.18)
[    0.000000] Command line: BOOT_IMAGE=/boot/vmlinuz-4.15.0-140-generic root=LABEL=cloudimg-rootfs ro console=tty1 console=ttyS0
[    0.000000] KERNEL supported cpus:
[    0.000000]   Intel GenuineIntel
[    0.000000]   AMD AuthenticAMD
[    0.000000]   Centaur CentaurHauls
[    0.000000] x86/fpu: Supporting XSAVE feature 0x001: 'x87 floating point registers'
[    0.000000] x86/fpu: Supporting XSAVE feature 0x002: 'SSE registers'
[    0.000000] x86/fpu: Supporting XSAVE feature 0x004: 'AVX registers'
[    0.000000] x86/fpu: xstate_offset[2]:  576, xstate_sizes[2]:  256
[    0.000000] x86/fpu: Enabled xstate features 0x7, context size is 832 bytes, using 'standard' format.
[    0.000000] e820: BIOS-provided physical RAM map:
[    0.000000] BIOS-e820: [mem 0x0000000000000000-0x000000000009fbff] usable
[    0.000000] BIOS-e820: [mem 0x000000000009fc00-0x000000000009ffff] reserved
[    0.000000] BIOS-e820: [mem 0x00000000000f0000-0x00000000000fffff] reserved
[    0.000000] BIOS-e820: [mem 0x0000000000100000-0x000000003ffeffff] usable
[    0.000000] BIOS-e820: [mem 0x000000003fff0000-0x000000003fffffff] ACPI data
[    0.000000] BIOS-e820: [mem 0x00000000fec00000-0x00000000fec00fff] reserved
[    0.000000] BIOS-e820: [mem 0x00000000fee00000-0x00000000fee00fff] reserved
[    0.000000] BIOS-e820: [mem 0x00000000fffc0000-0x00000000ffffffff] reserved
[    0.000000] NX (Execute Disable) protection: active
[    0.000000] SMBIOS 2.5 present.
[    0.000000] DMI: innotek GmbH VirtualBox/VirtualBox, BIOS VirtualBox 12/01/2006
[    0.000000] Hypervisor detected: KVM
[    0.000000] e820: last_pfn = 0x3fff0 max_arch_pfn = 0x400000000
[    0.000000] MTRR: Disabled
[    0.000000] x86/PAT: MTRRs disabled, skipping PAT initialization too.
[    0.000000] CPU MTRRs all blank - virtualized system.
[    0.000000] x86/PAT: Configuration [0-7]: WB  WT  UC- UC  WB  WT  UC- UC  
[    0.000000] found SMP MP-table at [mem 0x0009fff0-0x0009ffff]
[    0.000000] Scanning 1 areas for low memory corruption
[    0.000000] RAMDISK: [mem 0x35a63000-0x36d28fff]
[    0.000000] ACPI: Early table checksum verification disabled
[    0.000000] ACPI: RSDP 0x00000000000E0000 000024 (v02 VBOX  )
[    0.000000] ACPI: XSDT 0x000000003FFF0030 00003C (v01 VBOX   VBOXXSDT 00000001 ASL  00000061)
[    0.000000] ACPI: FACP 0x000000003FFF00F0 0000F4 (v04 VBOX   VBOXFACP 00000001 ASL  00000061)
[    0.000000] ACPI: DSDT 0x000000003FFF0470 002325 (v02 VBOX   VBOXBIOS 00000002 INTL 20120111)
[    0.000000] ACPI: FACS 0x000000003FFF0200 000040
[    0.000000] ACPI: FACS 0x000000003FFF0200 000040
[    0.000000] ACPI: APIC 0x000000003FFF0240 00005C (v02 VBOX   VBOXAPIC 00000001 ASL  00000061)
[    0.000000] ACPI: SSDT 0x000000003FFF02A0 0001CC (v01 VBOX   VBOXCPUT 00000002 INTL 20120111)
[    0.000000] No NUMA configuration found
[    0.000000] Faking a node at [mem 0x0000000000000000-0x000000003ffeffff]
[    0.000000] NODE_DATA(0) allocated [mem 0x3ffc5000-0x3ffeffff]
[    0.000000] kvm-clock: cpu 0, msr 0:3ff44001, primary cpu clock
[    0.000000] kvm-clock: Using msrs 4b564d01 and 4b564d00
[    0.000000] kvm-clock: using sched offset of 3765080421 cycles
[    0.000000] clocksource: kvm-clock: mask: 0xffffffffffffffff max_cycles: 0x1cd42e4dffb, max_idle_ns: 881590591483 ns
[    0.000000] Zone ranges:
[    0.000000]   DMA      [mem 0x0000000000001000-0x0000000000ffffff]
[    0.000000]   DMA32    [mem 0x0000000001000000-0x000000003ffeffff]
[    0.000000]   Normal   empty
[    0.000000]   Device   empty
[    0.000000] Movable zone start for each node
[    0.000000] Early memory node ranges
[    0.000000]   node   0: [mem 0x0000000000001000-0x000000000009efff]
[    0.000000]   node   0: [mem 0x0000000000100000-0x000000003ffeffff]
[    0.000000] Reserved but unavailable: 98 pages
[    0.000000] Initmem setup node 0 [mem 0x0000000000001000-0x000000003ffeffff]
[    0.000000] ACPI: PM-Timer IO Port: 0x4008
[    0.000000] IOAPIC[0]: apic_id 2, version 32, address 0xfec00000, GSI 0-23
[    0.000000] ACPI: INT_SRC_OVR (bus 0 bus_irq 0 global_irq 2 dfl dfl)
[    0.000000] ACPI: INT_SRC_OVR (bus 0 bus_irq 9 global_irq 9 low level)
[    0.000000] Using ACPI (MADT) for SMP configuration information
[    0.000000] smpboot: Allowing 2 CPUs, 0 hotplug CPUs
[    0.000000] PM: Registered nosave memory: [mem 0x00000000-0x00000fff]
[    0.000000] PM: Registered nosave memory: [mem 0x0009f000-0x0009ffff]
[    0.000000] PM: Registered nosave memory: [mem 0x000a0000-0x000effff]
[    0.000000] PM: Registered nosave memory: [mem 0x000f0000-0x000fffff]
[    0.000000] e820: [mem 0x40000000-0xfebfffff] available for PCI devices
[    0.000000] Booting paravirtualized kernel on KVM
[    0.000000] clocksource: refined-jiffies: mask: 0xffffffff max_cycles: 0xffffffff, max_idle_ns: 7645519600211568 ns
[    0.000000] random: get_random_bytes called from start_kernel+0x99/0x500 with crng_init=0
[    0.000000] setup_percpu: NR_CPUS:8192 nr_cpumask_bits:2 nr_cpu_ids:2 nr_node_ids:1
[    0.000000] percpu: Embedded 45 pages/cpu s147456 r8192 d28672 u1048576
[    0.000000] PV qspinlock hash table entries: 256 (order: 0, 4096 bytes)
[    0.000000] Built 1 zonelists, mobility grouping on.  Total pages: 257913
[    0.000000] Policy zone: DMA32
[    0.000000] Kernel command line: BOOT_IMAGE=/boot/vmlinuz-4.15.0-140-generic root=LABEL=cloudimg-rootfs ro console=tty1 console=ttyS0
[    0.000000] Memory: 983020K/1048120K available (12300K kernel code, 2483K rwdata, 4276K rodata, 2440K init, 2724K bss, 65100K reserved, 0K cma-reserved)
[    0.000000] SLUB: HWalign=64, Order=0-3, MinObjects=0, CPUs=2, Nodes=1
[    0.000000] Kernel/User page tables isolation: enabled
[    0.000000] ftrace: allocating 39429 entries in 155 pages
[    0.004000] Hierarchical RCU implementation.
[    0.004000] 	RCU restricting CPUs from NR_CPUS=8192 to nr_cpu_ids=2.
[    0.004000] 	Tasks RCU enabled.
[    0.004000] RCU: Adjusting geometry for rcu_fanout_leaf=16, nr_cpu_ids=2
[    0.004000] NR_IRQS: 524544, nr_irqs: 440, preallocated irqs: 16
[    0.004000] Console: colour VGA+ 80x25
[    0.004000] console [tty1] enabled
[    0.004000] console [ttyS0] enabled
[    0.004000] ACPI: Core revision 20170831
[    0.004000] ACPI: 2 ACPI AML tables successfully acquired and loaded
[    0.004000] APIC: Switch to symmetric I/O mode setup
[    0.004000] x2apic enabled
[    0.004000] Switched APIC routing to physical x2apic.
[    0.004000] ..TIMER: vector=0x30 apic1=0 pin1=2 apic2=-1 pin2=-1
[    0.004003] tsc: Detected 1392.000 MHz processor
[    0.004874] Calibrating delay loop (skipped) preset value.. 2784.00 BogoMIPS (lpj=5568000)
[    0.005536] pid_max: default: 32768 minimum: 301
[    0.008029] Security Framework initialized
[    0.008864] Yama: becoming mindful.
[    0.009557] AppArmor: AppArmor initialized
[    0.011617] Dentry cache hash table entries: 131072 (order: 8, 1048576 bytes)
[    0.012055] Inode-cache hash table entries: 65536 (order: 7, 524288 bytes)
[    0.013332] Mount-cache hash table entries: 2048 (order: 2, 16384 bytes)
[    0.014553] Mountpoint-cache hash table entries: 2048 (order: 2, 16384 bytes)
[    0.016291] Last level iTLB entries: 4KB 64, 2MB 8, 4MB 8
[    0.017337] Last level dTLB entries: 4KB 64, 2MB 0, 4MB 0, 1GB 4
[    0.018863] Spectre V1 : Mitigation: usercopy/swapgs barriers and __user pointer sanitization
[    0.020003] Spectre V2 : Mitigation: Full generic retpoline
[    0.021123] Spectre V2 : Spectre v2 / SpectreRSB mitigation: Filling RSB on context switch
[    0.024002] Speculative Store Bypass: Vulnerable
[    0.024936] SRBDS: Unknown: Dependent on hypervisor status
[    0.025947] MDS: Mitigation: Clear CPU buffers
[    0.026920] Freeing SMP alternatives memory: 36K
[    0.137086] smpboot: CPU0: Intel(R) Core(TM) i5-8257U CPU @ 1.40GHz (family: 0x6, model: 0x8e, stepping: 0xa)
[    0.139626] Performance Events: unsupported p6 CPU model 142 no PMU driver, software events only.
[    0.140034] Hierarchical SRCU implementation.
[    0.141522] NMI watchdog: Perf event create on CPU 0 failed with -2
[    0.144001] NMI watchdog: Perf NMI watchdog permanently disabled
[    0.145136] smp: Bringing up secondary CPUs ...
[    0.146051] x86: Booting SMP configuration:
[    0.147263] .... node  #0, CPUs:      #1
[    0.004000] kvm-clock: cpu 1, msr 0:3ff44041, secondary cpu clock
[    0.151732] smp: Brought up 1 node, 2 CPUs
[    0.152005] smpboot: Max logical packages: 1
[    0.152820] smpboot: Total of 2 processors activated (5568.00 BogoMIPS)
[    0.154149] devtmpfs: initialized
[    0.154149] x86/mm: Memory block size: 128MB
[    0.156124] evm: security.selinux
[    0.156782] evm: security.SMACK64
[    0.157430] evm: security.SMACK64EXEC
[    0.158137] evm: security.SMACK64TRANSMUTE
[    0.160002] evm: security.SMACK64MMAP
[    0.161122] evm: security.apparmor
[    0.161796] evm: security.ima
[    0.162450] evm: security.capability
[    0.163266] clocksource: jiffies: mask: 0xffffffff max_cycles: 0xffffffff, max_idle_ns: 7645041785100000 ns
[    0.164012] futex hash table entries: 512 (order: 3, 32768 bytes)
[    0.166118] pinctrl core: initialized pinctrl subsystem
[    0.168094] RTC time: 20:03:42, date: 04/11/21
[    0.169081] NET: Registered protocol family 16
[    0.169987] audit: initializing netlink subsys (disabled)
[    0.171059] audit: type=2000 audit(1618171427.706:1): state=initialized audit_enabled=0 res=1
[    0.172011] cpuidle: using governor ladder
[    0.172988] cpuidle: using governor menu
[    0.173786] ACPI: bus type PCI registered
[    0.176003] acpiphp: ACPI Hot Plug PCI Controller Driver version: 0.5
[    0.177340] PCI: Using configuration type 1 for base access
[    0.178406] HugeTLB registered 2.00 MiB page size, pre-allocated 0 pages
[    0.180062] ACPI: Added _OSI(Module Device)
[    0.180883] ACPI: Added _OSI(Processor Device)
[    0.181767] ACPI: Added _OSI(3.0 _SCP Extensions)
[    0.184003] ACPI: Added _OSI(Processor Aggregator Device)
[    0.185008] ACPI: Added _OSI(Linux-Dell-Video)
[    0.185848] ACPI: Added _OSI(Linux-Lenovo-NV-HDMI-Audio)
[    0.186836] ACPI: Added _OSI(Linux-HPI-Hybrid-Graphics)
[    0.188369] ACPI: Executed 1 blocks of module-level executable AML code
[    0.192508] ACPI: Interpreter enabled
[    0.193273] ACPI: (supports S0 S5)
[    0.194004] ACPI: Using IOAPIC for interrupt routing
[    0.195118] PCI: Using host bridge windows from ACPI; if necessary, use "pci=nocrs" and report a bug
[    0.196188] ACPI: Enabled 2 GPEs in block 00 to 07
[    0.204581] ACPI: PCI Root Bridge [PCI0] (domain 0000 [bus 00-ff])
[    0.206018] acpi PNP0A03:00: _OSC: OS supports [ASPM ClockPM Segments MSI]
[    0.207655] acpi PNP0A03:00: _OSC: not requesting OS control; OS requires [ExtendedConfig ASPM ClockPM MSI]
[    0.208011] acpi PNP0A03:00: fail to add MMCONFIG information, can't access extended PCI configuration space under this bridge.
[    0.212437] PCI host bridge to bus 0000:00
[    0.213278] pci_bus 0000:00: root bus resource [io  0x0000-0x0cf7 window]
[    0.214530] pci_bus 0000:00: root bus resource [io  0x0d00-0xffff window]
[    0.216003] pci_bus 0000:00: root bus resource [mem 0x000a0000-0x000bffff window]
[    0.217424] pci_bus 0000:00: root bus resource [mem 0x40000000-0xfdffffff window]
[    0.218871] pci_bus 0000:00: root bus resource [bus 00-ff]
[    0.222489] pci 0000:00:01.1: legacy IDE quirk: reg 0x10: [io  0x01f0-0x01f7]
[    0.224002] pci 0000:00:01.1: legacy IDE quirk: reg 0x14: [io  0x03f6]
[    0.225778] pci 0000:00:01.1: legacy IDE quirk: reg 0x18: [io  0x0170-0x0177]
[    0.227685] pci 0000:00:01.1: legacy IDE quirk: reg 0x1c: [io  0x0376]
[    0.242200] pci 0000:00:07.0: quirk: [io  0x4000-0x403f] claimed by PIIX4 ACPI
[    0.243934] pci 0000:00:07.0: quirk: [io  0x4100-0x410f] claimed by PIIX4 SMB
[    0.250979] ACPI: PCI Interrupt Link [LNKA] (IRQs 5 9 10 *11)
[    0.252363] ACPI: PCI Interrupt Link [LNKB] (IRQs 5 9 *10 11)
[    0.253813] ACPI: PCI Interrupt Link [LNKC] (IRQs 5 *9 10 11)
[    0.255013] ACPI: PCI Interrupt Link [LNKD] (IRQs 5 9 10 *11)
[    0.256332] SCSI subsystem initialized
[    0.257250] pci 0000:00:02.0: vgaarb: setting as boot VGA device
[    0.257250] pci 0000:00:02.0: vgaarb: VGA device added: decodes=io+mem,owns=io+mem,locks=none
[    0.260005] pci 0000:00:02.0: vgaarb: bridge control possible
[    0.261095] vgaarb: loaded
[    0.261706] ACPI: bus type USB registered
[    0.262509] usbcore: registered new interface driver usbfs
[    0.264009] usbcore: registered new interface driver hub
[    0.265039] usbcore: registered new device driver usb
[    0.266061] EDAC MC: Ver: 3.0.0
[    0.266061] PCI: Using ACPI for IRQ routing
[    0.268320] NetLabel: Initializing
[    0.268986] NetLabel:  domain hash size = 128
[    0.269812] NetLabel:  protocols = UNLABELED CIPSOv4 CALIPSO
[    0.271009] NetLabel:  unlabeled traffic allowed by default
[    0.272070] clocksource: Switched to clocksource kvm-clock
[    0.284549] VFS: Disk quotas dquot_6.6.0
[    0.285719] VFS: Dquot-cache hash table entries: 512 (order 0, 4096 bytes)
[    0.287483] AppArmor: AppArmor Filesystem Enabled
[    0.288481] pnp: PnP ACPI init
[    0.290400] pnp: PnP ACPI: found 3 devices
[    0.299267] clocksource: acpi_pm: mask: 0xffffff max_cycles: 0xffffff, max_idle_ns: 2085701024 ns
[    0.301119] NET: Registered protocol family 2
[    0.302087] TCP established hash table entries: 8192 (order: 4, 65536 bytes)
[    0.303425] TCP bind hash table entries: 8192 (order: 5, 131072 bytes)
[    0.305633] TCP: Hash tables configured (established 8192 bind 8192)
[    0.306832] UDP hash table entries: 512 (order: 2, 16384 bytes)
[    0.308356] UDP-Lite hash table entries: 512 (order: 2, 16384 bytes)
[    0.309598] NET: Registered protocol family 1
[    0.310774] pci 0000:00:00.0: Limiting direct PCI/PCI transfers
[    0.311891] pci 0000:00:01.0: Activating ISA DMA hang workarounds
[    0.313138] pci 0000:00:02.0: Video device with shadowed ROM at [mem 0x000c0000-0x000dffff]
[    0.314785] Unpacking initramfs...
[    0.571584] Freeing initrd memory: 19224K
[    0.572890] clocksource: tsc: mask: 0xffffffffffffffff max_cycles: 0x14109b0720d, max_idle_ns: 440795259878 ns
[    0.575890] platform rtc_cmos: registered platform RTC device (no PNP device found)
[    0.578216] Scanning for low memory corruption every 60 seconds
[    0.580532] Initialise system trusted keyrings
[    0.581575] Key type blacklist registered
[    0.582898] workingset: timestamp_bits=36 max_order=18 bucket_order=0
[    0.585806] zbud: loaded
[    0.587322] squashfs: version 4.0 (2009/01/31) Phillip Lougher
[    0.589354] fuse init (API version 7.26)
[    0.594146] Key type asymmetric registered
[    0.595339] Asymmetric key parser 'x509' registered
[    0.596511] Block layer SCSI generic (bsg) driver version 0.4 loaded (major 246)
[    0.598952] io scheduler noop registered
[    0.599899] io scheduler deadline registered
[    0.600903] io scheduler cfq registered (default)
[    0.602669] ACPI: AC Adapter [AC] (on-line)
[    0.604002] input: Power Button as /devices/LNXSYSTM:00/LNXPWRBN:00/input/input0
[    0.605605] ACPI: Power Button [PWRF]
[    0.606521] input: Sleep Button as /devices/LNXSYSTM:00/LNXSLPBN:00/input/input1
[    0.608236] ACPI: Sleep Button [SLPF]
[    0.610758] ACPI: Battery Slot [BAT0] (battery present)
[    0.612042] Serial: 8250/16550 driver, 32 ports, IRQ sharing enabled
[    0.634811] 00:02: ttyS0 at I/O 0x3f8 (irq = 4, base_baud = 115200) is a 16550A
[    0.638995] Linux agpgart interface v0.103
[    0.641144] loop: module loaded
[    0.642262] scsi host0: ata_piix
[    0.643014] scsi host1: ata_piix
[    0.643664] ata1: PATA max UDMA/33 cmd 0x1f0 ctl 0x3f6 bmdma 0xd000 irq 14
[    0.644964] ata2: PATA max UDMA/33 cmd 0x170 ctl 0x376 bmdma 0xd008 irq 15
[    0.646319] libphy: Fixed MDIO Bus: probed
[    0.647114] tun: Universal TUN/TAP device driver, 1.6
[    0.648264] PPP generic driver version 2.4.2
[    0.649178] ehci_hcd: USB 2.0 'Enhanced' Host Controller (EHCI) Driver
[    0.650399] ehci-pci: EHCI PCI platform driver
[    0.651298] ehci-platform: EHCI generic platform driver
[    0.652349] ohci_hcd: USB 1.1 'Open' Host Controller (OHCI) Driver
[    0.653499] ohci-pci: OHCI PCI platform driver
[    0.654353] ohci-platform: OHCI generic platform driver
[    0.655333] uhci_hcd: USB Universal Host Controller Interface driver
[    0.656640] i8042: PNP: PS/2 Controller [PNP0303:PS2K,PNP0f03:PS2M] at 0x60,0x64 irq 1,12
[    0.658546] serio: i8042 KBD port at 0x60,0x64 irq 1
[    0.659531] serio: i8042 AUX port at 0x60,0x64 irq 12
[    0.660685] mousedev: PS/2 mouse device common for all mice
[    0.662444] input: AT Translated Set 2 keyboard as /devices/platform/i8042/serio0/input/input2
[    0.664378] rtc_cmos rtc_cmos: rtc core: registered rtc_cmos as rtc0
[    0.665998] rtc_cmos rtc_cmos: alarms up to one day, 114 bytes nvram
[    0.668509] i2c /dev entries driver
[    0.669531] device-mapper: uevent: version 1.0.3
[    0.671085] device-mapper: ioctl: 4.37.0-ioctl (2017-09-20) initialised: dm-devel@redhat.com
[    0.673156] ledtrig-cpu: registered to indicate activity on CPUs
[    0.674817] NET: Registered protocol family 10
[    0.679243] Segment Routing with IPv6
[    0.680006] NET: Registered protocol family 17
[    0.681052] Key type dns_resolver registered
[    0.682055] mce: Using 0 MCE banks
[    0.682760] RAS: Correctable Errors collector initialized.
[    0.683856] sched_clock: Marking stable (682032963, 0)->(832217423, -150184460)
[    0.685655] registered taskstats version 1
[    0.686514] Loading compiled-in X.509 certificates
[    0.689940] Loaded X.509 cert 'Build time autogenerated kernel key: f44537957b99d83206ce3e6a27744bf062e80295'
[    0.691801] zswap: loaded using pool lzo/zbud
[    0.696066] Key type big_key registered
[    0.696822] Key type trusted registered
[    0.698822] Key type encrypted registered
[    0.700130] AppArmor: AppArmor sha1 policy hashing enabled
[    0.701172] ima: No TPM chip found, activating TPM-bypass! (rc=-19)
[    0.702358] ima: Allocated hash algorithm: sha1
[    0.703262] evm: HMAC attrs: 0x1
[    0.704309]   Magic number: 1:449:93
[    0.705128] rtc_cmos rtc_cmos: setting system clock to 2021-04-11 20:03:42 UTC (1618171422)
[    0.706806] BIOS EDD facility v0.16 2004-Jun-25, 0 devices found
[    0.707917] EDD information not available.
[    0.830083] Freeing unused kernel image memory: 2440K
[    1.044463] Write protecting the kernel read-only data: 20480k
[    1.047159] Freeing unused kernel image memory: 2008K
[    1.048771] Freeing unused kernel image memory: 1868K
[    1.055933] x86/mm: Checked W+X mappings: passed, no W+X pages found.
[    1.057673] x86/mm: Checking user space page tables
[    1.064320] x86/mm: Checked W+X mappings: passed, no W+X pages found.
Loading, please wait...
starting version 237
[    1.121740] Fusion MPT base driver 3.04.20
[    1.122872] Copyright (c) 1999-2008 LSI Corporation
[    1.128546] e1000: Intel(R) PRO/1000 Network Driver - version 7.3.21-k8-NAPI
[    1.130452] e1000: Copyright (c) 1999-2006 Intel Corporation.
[    1.133790] Fusion MPT SPI Host driver 3.04.20
[    1.136326] mptbase: ioc0: Initiating bringup
[    1.147047] AVX2 version of gcm_enc/dec engaged.
[    1.148580] AES CTR mode by8 optimization enabled
[    1.240436] ioc0: LSI53C1030 A0: Capabilities={Initiator}
[    1.327203] input: ImExPS/2 Generic Explorer Mouse as /devices/platform/i8042/serio1/input/input4
[    1.486641] scsi host2: ioc0: LSI53C1030 A0, FwRev=00000000h, Ports=1, MaxQ=256, IRQ=20
[    1.668655] scsi 2:0:0:0: Direct-Access     VBOX     HARDDISK         1.0  PQ: 0 ANSI: 5
[    1.696124] scsi target2:0:0: Beginning Domain Validation
[    1.698555] scsi target2:0:0: Domain Validation skipping write tests
[    1.700044] scsi target2:0:0: Ending Domain Validation
[    1.701329] scsi target2:0:0: asynchronous
[    1.702610] scsi 2:0:1:0: Direct-Access     VBOX     HARDDISK         1.0  PQ: 0 ANSI: 5
[    2.044592] scsi target2:0:1: Beginning Domain Validation
[    2.048590] random: fast init done
[    2.049564] scsi target2:0:1: Domain Validation skipping write tests
[    2.050977] scsi target2:0:1: Ending Domain Validation
[    2.052176] scsi target2:0:1: asynchronous
[    2.057074] random: systemd-udevd: uninitialized urandom read (16 bytes read)
[    2.057124] sd 2:0:0:0: Attached scsi generic sg0 type 0
[    2.058671] random: systemd-udevd: uninitialized urandom read (16 bytes read)
[    2.061290] random: systemd-udevd: uninitialized urandom read (16 bytes read)
[    2.062816] sd 2:0:1:0: Attached scsi generic sg1 type 0
[    2.067794] sd 2:0:0:0: [sda] 83886080 512-byte logical blocks: (42.9 GB/40.0 GiB)
[    2.069775] sd 2:0:0:0: [sda] Write Protect is off
[    2.070876] sd 2:0:1:0: [sdb] 20480 512-byte logical blocks: (10.5 MB/10.0 MiB)
[    2.072575] sd 2:0:1:0: [sdb] Write Protect is off
[    2.073559] sd 2:0:0:0: [sda] Incomplete mode parameter data
[    2.074715] sd 2:0:0:0: [sda] Assuming drive cache: write through
[    2.075959] sd 2:0:1:0: [sdb] Incomplete mode parameter data
[    2.076392] e1000 0000:00:03.0 eth0: (PCI:33MHz:32-bit) 02:99:94:d0:f2:74
[    2.077056] sd 2:0:1:0: [sdb] Assuming drive cache: write through
[    2.078339] e1000 0000:00:03.0 eth0: Intel(R) PRO/1000 Network Connection
[    2.081904] e1000 0000:00:03.0 enp0s3: renamed from eth0
[    2.085165]  sda: sda1
[    2.086980] sd 2:0:0:0: [sda] Attached SCSI disk
[    2.088201] sd 2:0:1:0: [sdb] Attached SCSI disk
Begin: Loading essential drivers ... [    3.508185] raid6: sse2x1   gen() 12425 MB/s
[    3.556325] raid6: sse2x1   xor()  8958 MB/s
[    3.604166] raid6: sse2x2   gen() 15543 MB/s
[    3.652517] raid6: sse2x2   xor() 10278 MB/s
[    3.700147] raid6: sse2x4   gen() 17241 MB/s
[    3.748498] raid6: sse2x4   xor() 11237 MB/s
[    3.796069] raid6: avx2x1   gen() 24416 MB/s
[    3.844611] raid6: avx2x1   xor() 16896 MB/s
[    3.892049] raid6: avx2x2   gen() 27182 MB/s
[    3.940392] raid6: avx2x2   xor() 18016 MB/s
[    3.988506] raid6: avx2x4   gen() 34257 MB/s
[    4.036537] raid6: avx2x4   xor() 21718 MB/s
[    4.037714] raid6: using algorithm avx2x4 gen() 34257 MB/s
[    4.038728] raid6: .... xor() 21718 MB/s, rmw enabled
[    4.039696] raid6: using avx2x2 recovery algorithm
[    4.041446] xor: automatically using best checksumming function   avx       
[    4.043639] async_tx: api initialized (async)
done.
Begin: Running /scripts/init-premount ... done.
Begin: Mounting root file system ... Begin: Running /scripts/local-top ... done.
Begin: Running /scripts/local-premount ... [    4.083364] Btrfs loaded, crc32c=crc32c-intel
Scanning for Btrfs filesystems
done.
Warning: fsck not present, so skipping root file system
[    4.105543] EXT4-fs (sda1): mounted filesystem with ordered data mode. Opts: (null)
done.
Begin: Running /scripts/local-bottom ... done.
Begin: Running /scripts/init-bottom ... done.
[    4.259138] ip_tables: (C) 2000-2006 Netfilter Core Team
[    4.267718] systemd[1]: systemd 237 running in system mode. (+PAM +AUDIT +SELINUX +IMA +APPARMOR +SMACK +SYSVINIT +UTMP +LIBCRYPTSETUP +GCRYPT +GNUTLS +ACL +XZ +LZ4 +SECCOMP +BLKID +ELFUTILS +KMOD -IDN2 +IDN -PCRE2 default-hierarchy=hybrid)
[    4.271784] systemd[1]: Detected virtualization oracle.
[    4.272829] systemd[1]: Detected architecture x86-64.

Welcome to [1mUbuntu 18.04.5 LTS[0m!

[    4.282153] systemd[1]: Set hostname to <ubuntu>.
[    4.287017] systemd[1]: Initializing machine ID from random generator.
[    4.288337] systemd[1]: Installed transient /etc/machine-id file.
[    4.766980] systemd[1]: Started Forward Password Requests to Wall Directory Watch.
[[0;32m  OK  [0m] Started Forward Password Requests to Wall Directory Watch.
[    4.772183] systemd[1]: Created slice System Slice.
[[0;32m  OK  [0m] Created slice System Slice.
[    4.774017] systemd[1]: Listening on LVM2 poll daemon socket.
[[0;32m  OK  [0m] Listening on LVM2 poll daemon socket.
[    4.776134] systemd[1]: Listening on Syslog Socket.
[[0;32m  OK  [0m] Listening on Syslog Socket.
[[0;32m  OK  [0m] Listening on Device-mapper event daemon FIFOs.
[[0;32m  OK  [0m] Created slice system-serial\x2dgetty.slice.
[[0;32m  OK  [0m] Listening on Journal Socket (/dev/log).
[[0;32m  OK  [0m] Listening on udev Control Socket.
[[0;32m  OK  [0m] Listening on udev Kernel Socket.
[[0;32m  OK  [0m] Reached target Swap.
[[0;32m  OK  [0m] Reached target System Time Synchronized.
[[0;32m  OK  [0m] Reached target User and Group Name Lookups.
[[0;32m  OK  [0m] Listening on Journal Socket.
         Starting Create list of required st…ce nodes for the current kernel...
         Mounting POSIX Message Queue File System...
         Starting Set the console keyboard layout...
[[0;32m  OK  [0m] Listening on Network Service Netlink Socket.
         Mounting Huge Pages File System...
[[0;32m  OK  [0m] Listening on LVM2 metadata daemon socket.
         Starting Monitoring of LVM2 mirrors…ng dmeventd or progress polling...
         Starting Uncomplicated firewall...
[[0;32m  OK  [0m] Listening on Journal Audit Socket.
         Starting Journal Service...
[[0;32m  OK  [0m] Listening on /dev/initctl Compatibility Named Pipe.
         Mounting Kernel Debug File System...
[[0;32m  OK  [0m] Created slice User and Session Slice.
[[0;32m  OK  [0m] Reached target Slices.
         Starting Load Kernel Modules...
[[0;32m  OK  [0m] Set up automount Arbitrary Executab…rmats File System Automount Point.
[[0;32m  OK  [0m] Listening on fsck to fsckd communication Socket.
         Starting File System Check on Root Device...
         Starting udev Coldplug all Devices...
[[0;32m  OK  [0m] Started Create list of required sta…vice nodes for the current kernel.
[[0;32m  OK  [0m] Mounted POSIX Message Queue File System.
[[0;32m  OK  [0m] Mounted Huge Pages File System.
[[0;32m  OK  [0m] Started Uncomplicated firewall.
[[0;32m  OK  [0m] Mounted Kernel Debug File System.
         Starting Create Static Device Nodes in /dev...
[[0;32m  OK  [0m] Started LVM2 metadata daemon.
[[0;32m  OK  [0m] Started Set the console keyboard layout.
[[0;32m  OK  [0m] Started Journal Service.
[    4.935766] Loading iSCSI transport class v2.0-870.
[    4.942415] iscsi: registered transport (tcp)
[    4.957157] iscsi: registered transport (iser)
[[0;32m  OK  [0m] Started Load Kernel Modules.
         Mounting Kernel Configuration File System...
         Mounting FUSE Control File System...
         Starting Apply Kernel Variables...
[[0;32m  OK  [0m] Mounted Kernel Configuration File System.
[[0;32m  OK  [0m] Mounted FUSE Control File System.
[[0;32m  OK  [0m] Started Create Static Device Nodes in /dev.
[[0;32m  OK  [0m] Started udev Coldplug all Devices.
[[0;32m  OK  [0m] Started File System Check Daemon to report status.
[[0;32m  OK  [0m] Started Monitoring of LVM2 mirrors,…sing dmeventd or progress polling.
[[0;32m  OK  [0m] Started Apply Kernel Variables.
[[0;32m  OK  [0m] Started File System Check on Root Device.
         Starting Remount Root and Kernel File Systems...
[[0;32m  OK  [0m] Started Remount Root and Kernel File Systems.
         Starting Load/Save Random Seed...
[[0;32m  OK  [0m] Reached target Local File Systems (Pre).
         Starting Flush Journal to Persistent Storage...
[[0;32m  OK  [0m] Reached target Local File Systems.
         Starting Set console font and keymap...
         Starting Commit a transient machine-id on disk...
         Starting ebtables ruleset management...
         Starting Tell Plymouth To Write Out Runtime Data...
         Starting AppArmor initialization...
         Starting udev Kernel Device Manager...
[[0;32m  OK  [0m] Started Set console font and keymap.
[[0;32m  OK  [0m] Started Tell Plymouth To Write Out Runtime Data.
[[0;32m  OK  [0m] Started Load/Save Random Seed.
[[0;32m  OK  [0m] Started Flush Journal to Persistent Storage.
         Starting Create Volatile Files and Directories...
[[0;32m  OK  [0m] Started udev Kernel Device Manager.
[[0;32m  OK  [0m] Started Dispatch Password Requests to Console Directory Watch.
[[0;32m  OK  [0m] Reached target Local Encrypted Volumes.
[[0;32m  OK  [0m] Started Commit a transient machine-id on disk.
[[0;32m  OK  [0m] Started Create Volatile Files and Directories.
         Starting Update UTMP about System Boot/Shutdown...
[[0;32m  OK  [0m] Started Update UTMP about System Boot/Shutdown.
[[0;32m  OK  [0m] Started ebtables ruleset management.
[[0;32m  OK  [0m] Found device /dev/ttyS0.
[[0;32m  OK  [0m] Listening on Load/Save RF Kill Switch Status /dev/rfkill Watch.
[[0;32m  OK  [0m] Started AppArmor initialization.
         Starting Initial cloud-init job (pre-networking)...
         Starting Load AppArmor profiles managed internally by snapd...
[[0;32m  OK  [0m] Started Load AppArmor profiles managed internally by snapd.
[    7.155827] cloud-init[574]: Cloud-init v. 20.4.1-0ubuntu1~18.04.1 running 'init-local' at Sun, 11 Apr 2021 20:03:48 +0000. Up 6.82 seconds.
[[0;32m  OK  [0m] Started Initial cloud-init job (pre-networking).
[[0;32m  OK  [0m] Reached target Network (Pre).
         Starting Network Service...
[[0;32m  OK  [0m] Started Network Service.
         Starting Wait for Network to be Configured...
         Starting Network Name Resolution...
[[0;32m  OK  [0m] Started Network Name Resolution.
[[0;32m  OK  [0m] Reached target Network.
[[0;32m  OK  [0m] Reached target Host and Network Name Lookups.
[[0;32m  OK  [0m] Started Wait for Network to be Configured.
         Starting Initial cloud-init job (metadata service crawler)...
[    9.606675] cloud-init[713]: Cloud-init v. 20.4.1-0ubuntu1~18.04.1 running 'init' at Sun, 11 Apr 2021 20:03:51 +0000. Up 9.47 seconds.
[    9.624377] cloud-init[713]: ci-info: ++++++++++++++++++++++++++++++++++++++Net device info++++++++++++++++++++++++++++++++++++++
[    9.625756] cloud-init[713]: ci-info: +--------+------+----------------------------+---------------+--------+-------------------+
[    9.626999] cloud-init[713]: ci-info: | Device |  Up  |          Address           |      Mask     | Scope  |     Hw-Address    |
[    9.629033] cloud-init[713]: ci-info: +--------+------+----------------------------+---------------+--------+-------------------+
[    9.630997] cloud-init[713]: ci-info: | enp0s3 | True |         10.0.2.15          | 255.255.255.0 | global | 02:99:94:d0:f2:74 |
[    9.632870] cloud-init[713]: ci-info: | enp0s3 | True | fe80::99:94ff:fed0:f274/64 |       .       |  link  | 02:99:94:d0:f2:74 |
[    9.634865] cloud-init[713]: ci-info: |   lo   | True |         127.0.0.1          |   255.0.0.0   |  host  |         .         |
[    9.637721] cloud-init[713]: ci-info: |   lo   | True |          ::1/128           |       .       |  host  |         .         |
[    9.640120] cloud-init[713]: ci-info: +--------+------+----------------------------+---------------+--------+-------------------+
[    9.642275] cloud-init[713]: ci-info: ++++++++++++++++++++++++++++Route IPv4 info+++++++++++++++++++++++++++++
[    9.643956] cloud-init[713]: ci-info: +-------+-------------+----------+-----------------+-----------+-------+
[    9.645556] cloud-init[713]: ci-info: | Route | Destination | Gateway  |     Genmask     | Interface | Flags |
[    9.647526] cloud-init[713]: ci-info: +-------+-------------+----------+-----------------+-----------+-------+
[    9.649601] cloud-init[713]: ci-info: |   0   |   0.0.0.0   | 10.0.2.2 |     0.0.0.0     |   enp0s3  |   UG  |
[    9.651241] cloud-init[713]: ci-info: |   1   |   10.0.2.0  | 0.0.0.0  |  255.255.255.0  |   enp0s3  |   U   |
[    9.653497] cloud-init[713]: ci-info: |   2   |   10.0.2.2  | 0.0.0.0  | 255.255.255.255 |   enp0s3  |   UH  |
[    9.656124] cloud-init[713]: ci-info: +-------+-------------+----------+-----------------+-----------+-------+
[    9.660046] cloud-init[713]: ci-info: +++++++++++++++++++Route IPv6 info+++++++++++++++++++
[    9.662164] cloud-init[713]: ci-info: +-------+-------------+---------+-----------+-------+
[    9.663383] cloud-init[713]: ci-info: | Route | Destination | Gateway | Interface | Flags |
[    9.664897] cloud-init[713]: ci-info: +-------+-------------+---------+-----------+-------+
[    9.676306] cloud-init[713]: ci-info: |   1   |  fe80::/64  |    ::   |   enp0s3  |   U   |
[    9.678950] cloud-init[713]: ci-info: |   3   |    local    |    ::   |   enp0s3  |   U   |
[    9.680691] cloud-init[713]: ci-info: |   4   |   ff00::/8  |    ::   |   enp0s3  |   U   |
[    9.682224] cloud-init[713]: ci-info: +-------+-------------+---------+-----------+-------+
[   11.344632] cloud-init[713]: Generating public/private rsa key pair.
[   11.345725] cloud-init[713]: Your identification has been saved in /etc/ssh/ssh_host_rsa_key.
[   11.347141] cloud-init[713]: Your public key has been saved in /etc/ssh/ssh_host_rsa_key.pub.
[   11.348540] cloud-init[713]: The key fingerprint is:
[   11.349479] cloud-init[713]: SHA256:oO+Y9cbDCM1SVH6TsIym5TmBWU1o24Ldoyq0nevq2yI root@ubuntu-bionic
[   11.351168] cloud-init[713]: The key's randomart image is:
[   11.352112] cloud-init[713]: +---[RSA 2048]----+
[   11.364398] cloud-init[713]: |      .=+        |
[   11.376600] cloud-init[713]: |     +++.o .     |
[   11.377618] cloud-init[713]: |    o=*++ +      |
[   11.378518] cloud-init[713]: |    .*=++. .     |
[   11.392252] cloud-init[713]: |    o++oS.       |
[   11.393201] cloud-init[713]: |  . o.+.         |
[   11.394198] cloud-init[713]: | . o =o+         |
[   11.394895] cloud-init[713]: |E +.+=..=        |
[   11.395498] cloud-init[713]: | o+**.....       |
[[0;32m  OK  [0m] Started Initial cloud-init job (metadata service crawler).
[[0;32m  OK  [0m] Reached target Network is Online.
[   11.414763] cloud-init[713]: +----[SHA256]-----+
[   11.419301] cloud-init[713]: Generating public/private dsa key pair.
[   11.420652] cloud-init[713]: Your identification has been saved in /etc/ssh/ssh_host_dsa_key.
[   11.422172] cloud-init[713]: Your public key has been saved in /etc/ssh/ssh_host_dsa_key.pub.
[   11.423806] cloud-init         Starting Availability of block devices...
[[0;32m  OK  [0m] Reached target Remote File Systems (Pre).
[[0;32m  OK  [0m] Reached target Remote File Systems.
[[0;32m  OK  [0m] Reached target System Initialization.
[[0;32m  OK  [0m[713]: The key fingerprint is:
[   11.428707] cloud-init[713]: SHA256:4jBjsQB8oOuJkZhkNvBkuwCexq3yK/VNJF4n+8K9TUE root@ubuntu-bionic
[   11.429352] cloud-init[713]: The key's randomart image is:
[   11.429897] cloud-init[713]: +---[DSA 1024]----+
[   11.430441] cloud-init[713]: |=.+              |
[   11.430492] cloud-init[713]: |**oo             |
[   11.430525] cloud-init[713]: |oX=..     E      |
[   11.431340] cloud-init[713]: |*=oo.o+ ..       |
] Started Daily apt download activities.
         Starting Socket activation for snappy daemon.
[[0;32m  OK  [0m] Listening on Open-iSCSI iscsid Socket.
[[0;32m  OK  [0m] Started Discard unused blocks once a week.
[[0;32m  OK  [0m] Started Daily apt upgrade and clean activities.
         Starting LXD - unix socket.
[[0;32m  OK  [0m] Started ACPI Events Check.
[[0;32m  OK  [0m] Reached target Paths.
[[0;32m  OK  [0m] Started Daily Cleanup of Temporary Directories.
[[0;32m  OK  [0m] Listening on ACPID Listen Socket.
[[0;32m  OK  [0m] Listening on UUID daemon activation socket.
[[0;32m  OK  [0m] Started Message of the Day.
[[0;32m  OK  [0m] Reached target Timers.
[[0;32m  OK  [0m] Listening on D-Bus System Message Bus Socket.
[[0;32m  OK  [0m] Reached target Cloud-config availability.
[   11.431943] cloud-init[713]: |B...*+.+S .      |
[   11.446403] cloud-init[713]: |+oo..=o.   .     |
[   11.447306] cloud-init[713]: |.+.. +.o  .      |
[   11.448155] cloud-init[713]: |.  .. + oo       |
[   11.448933] cloud-init[713]: | ..    ....      |
[   11.449641] cloud-init[713]: +----[SHA256]-----+
[[0;32m  OK  [0m] Listening on Socket activation for snappy daemon.
[[0;32m  OK  [0m] Started Availability of block devices.
[[0;32m  OK  [0m] Listening on LXD - unix socket.
[[0;32m  OK  [0m] Reached target Sockets.
[[0;32m  OK  [0m] Reached target Basic System.
[   11.459213] cloud-init[713]: Generating public/private ecdsa key pair.
[   11.499323] cloud-init[713]: Your identification has been saved in /etc/ssh/ssh_host_ecdsa_key.
         Starting Pollinate to seed the pseudo random number generator...
[   11.513029] cloud-init[713]: Your public key has been saved in /etc/ssh/ssh_host_ecdsa_key.pub.
[   11.524284]          Starting LXD - container startup/shutdown...
cloud-init[713]: The key fingerprint is:
         Starting Permit User Sessions...
[   11.526285] cloud-init[713]: SHA256:IJG3IRW0U3+a2d5WJ/B2Gt5mGJuO++D8R7NepKZN3nM root@ubuntu-bionic
[   11.528299] cloud-init[713]: The key's randomart image is:
[   11.529576] cloud-init[713]: +---[ECDSA 256]---+
[   11.531007] cloud-init[713]: |    .++..        |
[   11.532683] cloud-init[713]: |    o.oo .       |
[   11.533846] cloud-init[713]: |    .o+o  . o    |
[   11.534925] cloud-init[713]: |     ..o   * o   |
[   11.535949] cloud-init[713]: |        S + . * =|
[   11.537098] cloud-init[713]: |           . + /o|
[   11.538367] cloud-init[713]: |            o %.B|
[   11.539517] cloud-init[713]: |           o @ *E|
[   11.541614] cloud-init[713]: |            *+Bo+|
[   11.543275] cloud-init[713]: +----[SHA256]-----+
[   11.545336] cloud-init[713]: Generating public/private ed25519 key pair.
[   11.547055] cloud-init[713]: Your identification has been saved in /etc/ssh/ssh_host_ed25519_key.
[   11.549446] cloud-init[713]: Your public key has been saved in /etc/ssh/ssh_host_ed25519_key.pub.
[   11.551237] cloud-init[713]: The key fingerprint is:
[   11.552702] cloud-init[713]: SHA256:BVCmzDzeTfqxsasx+llPQejIAZKsepNHpO6qOTsFi1E root@ubuntu-bionic
[   11.554653] cloud-init[713]: The key's randomart image is:
[   11.555915] cloud-init[713]: +--[ED25519 256]--+
[   11.557317] cloud-init[713]: |   ...oo+        |
[   11.558575] cloud-init[713]: |  E += + . .     |
[   11.559886] cloud-init[713]: | . +  * . + .    |
[   11.561242] cloud-init[713]: |o o .. + O .     |
[   11.562494] cloud-init[713]: |.* o  . S = .    |
[   11.563699] cloud-init[713]: |+ * .    . = .   |
[   11.564960] cloud-init[713]: | + o    o = .    |
[   11.566225] cloud-init[713]: |o..    . = +     |
[   11.568117] cloud-init[713]: |*=    ..+.. .    |
[   11.569636] cloud-init[713]: +----[SHA256]-----+
[[0;32m  OK  [0m] Started Regular background program processing daemon.
[[0;32m  OK  [0m] Started Deferred execution scheduler.
         Starting Accounts Service...
         Starting Virtualbox guest utils...
         Starting LSB: Record successful boot for GRUB...
[[0;32m  OK  [0m] Started irqbalance daemon.
         Starting Dispatcher daemon for systemd-networkd...
         Starting System Logging Service...
         Starting LSB: automatic crash report generation...
[[0;32m  OK  [0m] Started D-Bus System Message Bus.
         Starting Login Service...
[[0;32m  OK  [0m] Started FUSE filesystem for LXC.
         Starting Snap Daemon...
[[0;32m  OK  [0m] Started System Logging Service.
[[0;32m  OK  [0m] Started LXD - container startup/shutdown.
[[0;32m  OK  [0m] Started Permit User Sessions.
         Starting Terminate Plymouth Boot Screen...
         Starting Hold until boot process finishes up...
[[0;32m  OK  [0m] Started Hold until boot process finishes up.
         Starting Set console scheme...
[[0;32m  OK  [0m] Started Serial Getty on ttyS0.
[[0;32m  OK  [0m] Started Terminate Plymouth Boot Screen.
[[0;32m  OK  [0m] Started Set console scheme.
[[0;32m  OK  [0m] Started Login Service.
[[0;32m  OK  [0m] Started Unattended Upgrades Shutdown.
[[0;32m  OK  [0m] Created slice system-getty.slice.
[[0;32m  OK  [0m] Started Getty on tty1.
[[0;32m  OK  [0m] Reached target Login Prompts.
         Starting Authorization Manager...
[[0;32m  OK  [0m] Started LSB: automatic crash report generation.
[[0;32m  OK  [0m] Started Dispatcher daemon for systemd-networkd.
[[0;32m  OK  [0m] Started LSB: Record successful boot for GRUB.
[[0;32m  OK  [0m] Started Virtualbox guest utils.
[[0;32m  OK  [0m] Started Authorization Manager.
[[0;32m  OK  [0m] Started Accounts Service.
[[0;32m  OK  [0m] Started Snap Daemon.
         Starting Wait until snapd is fully seeded...
[[0;32m  OK  [0m] Started Wait until snapd is fully seeded.
         Starting Apply the settings specified in cloud-config...
[   17.421815] cloud-init[1237]: Cloud-init v. 20.4.1-0ubuntu1~18.04.1 running 'modules:config' at Sun, 11 Apr 2021 20:03:58 +0000. Up 17.01 seconds.

Ubuntu 18.04.5 LTS ubuntu-bionic ttyS0

ubuntu-bionic login: ci-info: no authorized SSH keys fingerprints found for user ubuntu.
<14>Apr 11 20:04:00 ec2: 
<14>Apr 11 20:04:00 ec2: #############################################################
<14>Apr 11 20:04:00 ec2: -----BEGIN SSH HOST KEY FINGERPRINTS-----
<14>Apr 11 20:04:00 ec2: 1024 SHA256:4jBjsQB8oOuJkZhkNvBkuwCexq3yK/VNJF4n+8K9TUE root@ubuntu-bionic (DSA)
<14>Apr 11 20:04:00 ec2: 256 SHA256:IJG3IRW0U3+a2d5WJ/B2Gt5mGJuO++D8R7NepKZN3nM root@ubuntu-bionic (ECDSA)
<14>Apr 11 20:04:00 ec2: 256 SHA256:BVCmzDzeTfqxsasx+llPQejIAZKsepNHpO6qOTsFi1E root@ubuntu-bionic (ED25519)
<14>Apr 11 20:04:00 ec2: 2048 SHA256:oO+Y9cbDCM1SVH6TsIym5TmBWU1o24Ldoyq0nevq2yI root@ubuntu-bionic (RSA)
<14>Apr 11 20:04:00 ec2: -----END SSH HOST KEY FINGERPRINTS-----
<14>Apr 11 20:04:00 ec2: #############################################################
-----BEGIN SSH HOST KEY KEYS-----
ecdsa-sha2-nistp256 AAAAE2VjZHNhLXNoYTItbmlzdHAyNTYAAAAIbmlzdHAyNTYAAABBBI1obXlhngYqBEVMmtQiZAo4h9Ks2R11cyP+H4yCtGn+hcZtIBhjnKjE3FOuTqXhL6Ky4Zk4XuklDzdhvvgX2Cw= root@ubuntu-bionic
ssh-ed25519 AAAAC3NzaC1lZDI1NTE5AAAAIAaGTAh7kEAQrJgcmj1wP1T9raZ4KFlzte2xOEdfeNF4 root@ubuntu-bionic
ssh-rsa AAAAB3NzaC1yc2EAAAADAQABAAABAQC5ZPd3pxTUjFQkqE7xiAB04NzAR8C+9q4bF/XNpJfpaFBkqo7OHhcfZzMnCPA5xcyep45RdwfyfzOINRhUPgpqzCvlTIAWA7PxzRvyO5qbHxkGL+0ssupCRaEoaF4DroVy/zjiGeeJX8Lv1OI+4G+6DjIOIe64GtOKTr/esIwVdQT4QNTmTbaS4CYj/EvMdHqHidGqhhgoy9s48vUUpbBVwOaVRowxI5o/RhkuzAMjafDY2m7agLWrcdZK6EAKuulA7LydkSznEVR1EO+Hd6phowpRe2v2Nk7BrYpOp9Bvjv+POFXBX99Fc/M0gTU2CpfVbZqNKUnowS0jDGc8Y1LJ root@ubuntu-bionic
-----END SSH HOST KEY KEYS-----
[   18.776709] cloud-init[1337]: Cloud-init v. 20.4.1-0ubuntu1~18.04.1 running 'modules:final' at Sun, 11 Apr 2021 20:04:00 +0000. Up 18.59 seconds.
[   18.777202] cloud-init[1337]: ci-info: no authorized SSH keys fingerprints found for user ubuntu.
[   18.777306] cloud-init[1337]: Cloud-init v. 20.4.1-0ubuntu1~18.04.1 finished at Sun, 11 Apr 2021 20:04:00 +0000. Datasource DataSourceNoCloud [seed=/dev/sdb][dsmode=net].  Up 18.77 seconds
